app/build/intermediates/manifest_merge_blame_file/debug/manifest-merger-blame-debug-report.txt
1<?xml version="1.0" encoding="utf-8"?>
2<manifest xmlns:android="http://schemas.android.com/apk/res/android"
3    package="com.kingsforth.constructionestimator"
4    android:versionCode="1"
5    android:versionName="1.0" >
6
7    <uses-sdk
8        android:minSdkVersion="24"
8-->src\main\AndroidManifest.xml
9        android:targetSdkVersion="34" />
9-->src\main\AndroidManifest.xml
10
11    <uses-permission android:name="com.google.android.c2dm.permission.RECEIVE" />
11-->src\main\AndroidManifest.xml:5:5-82
11-->src\main\AndroidManifest.xml:5:22-79
12    <uses-permission android:name="com.android.launcher.permission.INSTALL_SHORTCUT" />
12-->src\main\AndroidManifest.xml:6:5-88
12-->src\main\AndroidManifest.xml:6:22-85
13    <uses-permission android:name="android.permission.WRITE_EXTERNAL_STORAGE" />
13-->src\main\AndroidManifest.xml:7:5-81
13-->src\main\AndroidManifest.xml:7:22-78
14    <uses-permission android:name="android.permission.READ_PHONE_STATE" />
14-->src\main\AndroidManifest.xml:8:5-75
14-->src\main\AndroidManifest.xml:8:22-72
15    <uses-permission android:name="android.permission.READ_EXTERNAL_STORAGE" />
15-->src\main\AndroidManifest.xml:9:5-80
15-->src\main\AndroidManifest.xml:9:22-77
16    <uses-permission android:name="android.permission.INTERNET" />
16-->src\main\AndroidManifest.xml:10:5-67
16-->src\main\AndroidManifest.xml:10:22-64
17    <uses-permission android:name="android.permission.ACCESS_NETWORK_STATE" />
17-->src\main\AndroidManifest.xml:11:5-79
17-->src\main\AndroidManifest.xml:11:22-76
18
19    <application
19-->src\main\AndroidManifest.xml:13:5-47:19
20        android:allowBackup="true"
20-->src\main\AndroidManifest.xml:14:9-35
21        android:debuggable="true"
22        android:extractNativeLibs="false"
23        android:icon="@mipmap/icon"
23-->src\main\AndroidManifest.xml:15:9-36
24        android:label="@string/app_name"
24-->src\main\AndroidManifest.xml:16:9-41
25        android:supportsRtl="true"
25-->src\main\AndroidManifest.xml:17:9-35
26        android:testOnly="true"
27        android:theme="@style/AppTheme" >
27-->src\main\AndroidManifest.xml:18:9-40
28        <activity
28-->src\main\AndroidManifest.xml:19:9-29:20
29            android:name="com.kingsforth.constructionestimator.Splash"
29-->src\main\AndroidManifest.xml:20:13-71
30            android:exported="true"
30-->src\main\AndroidManifest.xml:23:13-36
31            android:label="@string/app_name"
31-->src\main\AndroidManifest.xml:21:13-45
32            android:theme="@style/AppTheme.NoActionBar" >
32-->src\main\AndroidManifest.xml:22:13-56
33            <intent-filter>
33-->src\main\AndroidManifest.xml:24:13-28:29
34                <action android:name="android.intent.action.MAIN" />
34-->src\main\AndroidManifest.xml:25:17-69
34-->src\main\AndroidManifest.xml:25:25-66
35
36                <category android:name="android.intent.category.LAUNCHER" />
36-->src\main\AndroidManifest.xml:27:17-77
36-->src\main\AndroidManifest.xml:27:27-74
37            </intent-filter>
38        </activity>
39        <activity
39-->src\main\AndroidManifest.xml:30:9-40:20
40            android:name="com.kingsforth.constructionestimator.MainActivity"
40-->src\main\AndroidManifest.xml:31:13-77
41            android:exported="true"
41-->src\main\AndroidManifest.xml:34:13-36
42            android:label="@string/app_name"
42-->src\main\AndroidManifest.xml:32:13-45
43            android:theme="@style/AppTheme.NoActionBar" >
43-->src\main\AndroidManifest.xml:33:13-56
44            <intent-filter>
44-->src\main\AndroidManifest.xml:35:13-39:29
45                <action android:name="android.intent.action.MAIN" />
45-->src\main\AndroidManifest.xml:25:17-69
45-->src\main\AndroidManifest.xml:25:25-66
46
47                <category android:name="android.intent.category.DEFAULT" />
47-->src\main\AndroidManifest.xml:38:17-76
47-->src\main\AndroidManifest.xml:38:27-73
48            </intent-filter>
49        </activity>
50
51        <meta-data
51-->src\main\AndroidManifest.xml:42:9-44:69
52            android:name="com.google.android.gms.version"
52-->src\main\AndroidManifest.xml:43:13-58
53            android:value="@integer/google_play_services_version" />
53-->src\main\AndroidManifest.xml:44:13-66
54
55        <activity android:name="com.kingsforth.constructionestimator.AboutUS" />
55-->src\main\AndroidManifest.xml:46:9-90
55-->src\main\AndroidManifest.xml:46:19-78
56        <!-- Include the AdActivity and InAppPurchaseActivity configChanges and themes. -->
57        <activity
57-->[com.google.android.gms:play-services-ads-lite:11.8.0] AndroidManifest.xml:29:9-33:64
58            android:name="com.google.android.gms.ads.AdActivity"
58-->[com.google.android.gms:play-services-ads-lite:11.8.0] AndroidManifest.xml:30:13-65
59            android:configChanges="keyboard|keyboardHidden|orientation|screenLayout|uiMode|screenSize|smallestScreenSize"
59-->[com.google.android.gms:play-services-ads-lite:11.8.0] AndroidManifest.xml:31:13-122
60            android:exported="false"
60-->[com.google.android.gms:play-services-ads-lite:11.8.0] AndroidManifest.xml:32:13-37
61            android:theme="@android:style/Theme.Translucent" />
61-->[com.google.android.gms:play-services-ads-lite:11.8.0] AndroidManifest.xml:33:13-61
62
63        <meta-data
63-->[android.arch.lifecycle:runtime:1.0.0] AndroidManifest.xml:25:9-27:47
64            android:name="android.arch.lifecycle.VERSION"
64-->[android.arch.lifecycle:runtime:1.0.0] AndroidManifest.xml:26:13-58
65            android:value="27.0.0-SNAPSHOT" />
65-->[android.arch.lifecycle:runtime:1.0.0] AndroidManifest.xml:27:13-44
66    </application>
67
68</manifest>